2024-12-26 14:14:44,339 - INFO - Instabot version: 0.117.0 Started
2024-12-26 14:14:44,339 - DEBUG - Bot imported from /Users/bv/miniconda3/lib/python3.12/site-packages/instabot/bot/bot.py
2024-12-26 14:14:44,339 - INFO - Utilisation du proxy : http://your_proxy_address:your_proxy_port
2024-12-26 14:14:44,340 - INFO - Not yet logged in starting: PRE-LOGIN FLOW!
2024-12-26 14:14:44,352 - WARNING - Failed to parse: http://your_proxy_address:your_proxy_port
2024-12-26 14:14:44,355 - WARNING - Failed to parse: http://your_proxy_address:your_proxy_port
2024-12-26 14:14:44,359 - WARNING - Failed to parse: http://your_proxy_address:your_proxy_port
2024-12-26 14:14:44,360 - WARNING - Failed to parse: http://your_proxy_address:your_proxy_port
2024-12-26 14:14:44,360 - ERROR - Erreur de connexion : 'csrftoken'
2024-12-26 14:19:54,047 - INFO - Instabot Started
2024-12-26 14:19:54,047 - INFO - Utilisation du proxy : http://your_proxy_address:your_proxy_port
2024-12-26 14:19:54,059 - WARNING - Failed to parse: http://your_proxy_address:your_proxy_port
2024-12-26 14:19:54,059 - INFO - Connexion réussie au compte Instagram.
2024-12-26 14:19:54,059 - ERROR - Erreur lors du suivi des utilisateurs pour le hashtag holiday : 'ds_user_id'
2024-12-26 14:19:54,059 - ERROR - Erreur lors du like des posts : 'ds_user_id'
2024-12-26 14:19:54,060 - ERROR - Erreur lors des commentaires : 'ds_user_id'
2024-12-26 14:19:54,060 - ERROR - Erreur lors du suivi des utilisateurs pour le hashtag christmass : 'ds_user_id'
2024-12-26 14:19:54,060 - ERROR - Erreur lors du like des posts : 'ds_user_id'
2024-12-26 14:19:54,060 - ERROR - Erreur lors des commentaires : 'ds_user_id'
2024-12-26 14:19:54,064 - INFO - Bot stopped. Worked: 0:00:00.017792
2024-12-26 14:19:54,064 - INFO - Total requests: 1
2024-12-26 14:19:54,067 - INFO - Déconnexion réussie.
2024-12-26 14:19:54,068 - INFO - Bot stopped. Worked: 0:00:00.021732
2024-12-26 14:19:54,068 - INFO - Total requests: 1
2024-12-26 14:23:02,449 - INFO - Instabot Started
2024-12-26 14:23:02,450 - INFO - Utilisation du proxy : http://your_proxy_address:your_proxy_port
2024-12-26 14:23:02,461 - WARNING - Failed to parse: http://your_proxy_address:your_proxy_port
2024-12-26 14:23:02,462 - INFO - Connexion réussie au compte Instagram.
2024-12-26 14:23:02,462 - ERROR - Erreur lors du suivi des utilisateurs pour le hashtag holiday : 'ds_user_id'
2024-12-26 14:23:02,462 - ERROR - Erreur lors du like des posts : 'ds_user_id'
2024-12-26 14:23:02,462 - ERROR - Erreur lors des commentaires : 'ds_user_id'
2024-12-26 14:23:02,463 - ERROR - Erreur lors du suivi des utilisateurs pour le hashtag christmass : 'ds_user_id'
2024-12-26 14:23:02,463 - ERROR - Erreur lors du like des posts : 'ds_user_id'
2024-12-26 14:23:02,463 - ERROR - Erreur lors des commentaires : 'ds_user_id'
2024-12-26 14:23:02,463 - INFO - Bot stopped. Worked: 0:03:08.417012
2024-12-26 14:23:02,465 - INFO - Total requests: 1
2024-12-26 14:23:02,465 - INFO - Déconnexion réussie.
2024-12-26 14:23:02,466 - INFO - Bot stopped. Worked: 0:03:08.419367
2024-12-26 14:23:02,466 - INFO - Total requests: 1
2024-12-26 14:25:41,915 - INFO - Instabot Started
2024-12-26 14:25:41,916 - INFO - Utilisation du proxy : http://your_proxy_address:your_proxy_port
2024-12-26 14:25:41,928 - WARNING - Failed to parse: http://your_proxy_address:your_proxy_port
2024-12-26 14:25:41,930 - INFO - Connexion réussie au compte Instagram.
2024-12-26 14:25:41,930 - ERROR - Erreur lors du suivi des utilisateurs pour le hashtag holiday : 'ds_user_id'
2024-12-26 14:25:41,930 - ERROR - Erreur lors du like des posts : 'ds_user_id'
2024-12-26 14:25:41,930 - ERROR - Erreur lors des commentaires : 'ds_user_id'
2024-12-26 14:25:41,930 - ERROR - Erreur lors du suivi des utilisateurs pour le hashtag christmass : 'ds_user_id'
2024-12-26 14:25:41,930 - ERROR - Erreur lors du like des posts : 'ds_user_id'
2024-12-26 14:25:41,931 - ERROR - Erreur lors des commentaires : 'ds_user_id'
2024-12-26 14:25:41,932 - INFO - Bot stopped. Worked: 0:05:47.885649
2024-12-26 14:25:41,932 - INFO - Total requests: 1
2024-12-26 14:25:41,932 - INFO - Déconnexion réussie.
2024-12-26 14:25:41,938 - INFO - Bot stopped. Worked: 0:05:47.891485
2024-12-26 14:25:41,938 - INFO - Total requests: 1
2024-12-26 14:34:00,690 - INFO - Instabot Started
2024-12-26 14:34:00,691 - INFO - Aucun proxy utilisé.
2024-12-26 14:34:08,175 - INFO - Logged-in successfully as 'dailyof_rudemiss'!
2024-12-26 14:34:08,175 - INFO - Saved cookie!
2024-12-26 14:34:08,176 - INFO - Connexion réussie au compte Instagram.
2024-12-26 14:34:09,097 - ERROR - Request returns 404 error!
2024-12-26 14:34:09,098 - ERROR - Erreur lors du suivi des utilisateurs pour le hashtag holiday : Expecting value: line 1 column 1 (char 0)
2024-12-26 14:34:10,630 - ERROR - Request returns 400 error!
2024-12-26 14:34:10,631 - INFO - Instagram's error message: checkpoint_required
2024-12-26 14:34:11,452 - ERROR - Request returns 404 error!
2024-12-26 14:34:11,452 - ERROR - Erreur lors du suivi des utilisateurs pour le hashtag christmass : Expecting value: line 1 column 1 (char 0)
2024-12-26 14:34:11,855 - ERROR - Request returns 400 error!
2024-12-26 14:34:11,855 - INFO - Instagram's error message: checkpoint_required
2024-12-26 14:34:11,855 - INFO - Bot stopped. Worked: 0:14:17.809163
2024-12-26 14:34:11,856 - INFO - Total requests: 5
2024-12-26 14:34:11,856 - INFO - Déconnexion réussie.
2024-12-26 14:34:12,579 - ERROR - Request returns 400 error!
2024-12-26 14:34:12,579 - INFO - Instagram's error message: checkpoint_required
2024-12-26 14:34:12,580 - INFO - Bot stopped. Worked: 0:14:18.533263
2024-12-26 14:34:12,580 - INFO - Total requests: 6
